<?xml version="1.0" encoding="UTF-8"?>
<robot generator="Robot 2.8.7 (Jython 2.5.3 on java1.7.0_65)" generated="20150204 19:51:44.867">
<suite source="C:\Users\revok_000\Desktop\jsu-mcis-cs310-tictactoe\TicTacToe\acceptance\TicTacToeTests.txt" id="s1" name="TicTacToeTests">
<test id="s1-t1" name="Win Diagonally as X">
<kw type="kw" name="Start New Game">
<doc></doc>
<arguments>
</arguments>
<msg timestamp="20150204 19:51:45.316" level="FAIL">No keyword with name 'Start New Game' found.</msg>
<status status="FAIL" endtime="20150204 19:51:45.317" starttime="20150204 19:51:45.314"></status>
</kw>
<doc></doc>
<tags>
</tags>
<status status="FAIL" critical="yes" endtime="20150204 19:51:45.319" starttime="20150204 19:51:45.284">No keyword with name 'Start New Game' found.</status>
</test>
<test id="s1-t2" name="Win Horizontally as O">
<kw type="kw" name="Start New Game">
<doc></doc>
<arguments>
</arguments>
<msg timestamp="20150204 19:51:45.348" level="FAIL">No keyword with name 'Start New Game' found.</msg>
<status status="FAIL" endtime="20150204 19:51:45.349" starttime="20150204 19:51:45.347"></status>
</kw>
<doc></doc>
<tags>
</tags>
<status status="FAIL" critical="yes" endtime="20150204 19:51:45.351" starttime="20150204 19:51:45.323">No keyword with name 'Start New Game' found.</status>
</test>
<test id="s1-t3" name="Force a Tie">
<kw type="kw" name="Start New Game">
<doc></doc>
<arguments>
</arguments>
<msg timestamp="20150204 19:51:45.379" level="FAIL">No keyword with name 'Start New Game' found.</msg>
<status status="FAIL" endtime="20150204 19:51:45.380" starttime="20150204 19:51:45.378"></status>
</kw>
<doc></doc>
<tags>
</tags>
<status status="FAIL" critical="yes" endtime="20150204 19:51:45.381" starttime="20150204 19:51:45.354">No keyword with name 'Start New Game' found.</status>
</test>
<doc></doc>
<metadata>
</metadata>
<status status="FAIL" endtime="20150204 19:51:45.386" starttime="20150204 19:51:44.882"></status>
</suite>
<statistics>
<total>
<stat pass="0" fail="3">Critical Tests</stat>
<stat pass="0" fail="3">All Tests</stat>
</total>
<tag>
</tag>
<suite>
<stat pass="0" id="s1" fail="3" name="TicTacToeTests">TicTacToeTests</stat>
</suite>
</statistics>
<errors>
<msg timestamp="20150204 19:51:44.882" level="ERROR">Creating user keyword '//Should be High -name of function' failed: Invalid argument '- it takes arguments'.</msg>
<msg timestamp="20150204 19:51:45.275" level="ERROR">Error in file 'C:\Users\revok_000\Desktop\jsu-mcis-cs310-tictactoe\TicTacToe\acceptance\TicTacToeTests.txt': Importing test library 'TicTacToeGUIKeywords' failed: ImportError: No module named TicTacToeGUIKeywords
Traceback (most recent call last):
  None
PYTHONPATH:
  C:\RobotFramework\robotframework-2.8.7.jar\Lib\robot\libraries
  C:\RobotFramework\robotframework-2.8.7.jar\Lib
  C:\RobotFramework\Lib
  __classpath__
  __pyclasspath__/
  .
  C:\Users\revok_000\Desktop\jsu-mcis-cs310-tictactoe\TicTacToe\acceptance
CLASSPATH:
  .
  ..\build\classes\main
  C:\RobotFramework\robotframework-2.8.7.jar</msg>
</errors>
</robot>
